Using pre-set license
Built from '2020.3/staging' branch; Version is '2020.3.9f1 (108be757e447) revision 1084391'; Using compiler version '192528614'; Build Type 'Release'
OS: 'Windows 10 Home; OS build 19042.1466; Version 2009; 64bit' Language: 'en' Physical Memory: 16323 MB
BatchMode: 1, IsHumanControllingUs: 0, StartBugReporterOnCrash: 0, Is64bit: 1, IsPro: 0

 COMMAND LINE ARGUMENTS:
C:\Program Files\Unity\Hub\Editor\2020.3.9f1\Editor\Unity.exe
-adb2
-batchMode
-noUpm
-name
AssetImportWorker0
-projectPath
C:/Users/conno/Documents/GitHub/ProducingGames/Lunar Panda Game
-logFile
Logs/AssetImportWorker0.log
-srvPort
58028
Successfully changed project path to: C:/Users/conno/Documents/GitHub/ProducingGames/Lunar Panda Game
C:/Users/conno/Documents/GitHub/ProducingGames/Lunar Panda Game
Using Asset Import Pipeline V2.
Refreshing native plugins compatible for Editor in 20.30 ms, found 0 plugins.
Preloading 0 native plugins for Editor in 0.00 ms.
Initialize engine version: 2020.3.9f1 (108be757e447)
[Subsystems] Discovering subsystems at path C:/Program Files/Unity/Hub/Editor/2020.3.9f1/Editor/Data/Resources/UnitySubsystems
[Subsystems] Discovering subsystems at path C:/Users/conno/Documents/GitHub/ProducingGames/Lunar Panda Game/Assets
GfxDevice: creating device client; threaded=0
Direct3D:
    Version:  Direct3D 11.0 [level 11.1]
    Renderer: AMD Radeon RX 5700 XT (ID=0x731f)
    Vendor:   
    VRAM:     8151 MB
    Driver:   30.0.13023.1012
Initialize mono
Mono path[0] = 'C:/Program Files/Unity/Hub/Editor/2020.3.9f1/Editor/Data/Managed'
Mono path[1] = 'C:/Program Files/Unity/Hub/Editor/2020.3.9f1/Editor/Data/MonoBleedingEdge/lib/mono/unityjit'
Mono config path = 'C:/Program Files/Unity/Hub/Editor/2020.3.9f1/Editor/Data/MonoBleedingEdge/etc'
Using monoOptions --debugger-agent=transport=dt_socket,embedding=1,server=y,suspend=n,address=127.0.0.1:56092
Begin MonoManager ReloadAssembly
Registering precompiled unity dll's ...
Register platform support module: C:/Program Files/Unity/Hub/Editor/2020.3.9f1/Editor/Data/PlaybackEngines/WindowsStandaloneSupport/UnityEditor.WindowsStandalone.Extensions.dll
Registered in 0.002073 seconds.
Native extension for WindowsStandalone target not found
Refreshing native plugins compatible for Editor in 21.42 ms, found 0 plugins.
Preloading 0 native plugins for Editor in 0.00 ms.
Mono: successfully reloaded assembly
- Completed reload, in  0.979 seconds
Platform modules already initialized, skipping
Registering precompiled user dll's ...
Registered in 0.000916 seconds.
Begin MonoManager ReloadAssembly
Native extension for WindowsStandalone target not found
Refreshing native plugins compatible for Editor in 0.24 ms, found 0 plugins.
Preloading 0 native plugins for Editor in 0.00 ms.
Mono: successfully reloaded assembly
- Completed reload, in  0.734 seconds
Platform modules already initialized, skipping
========================================================================
Worker process is ready to serve import requests
Launched and connected shader compiler UnityShaderCompiler.exe after 0.08 seconds
Refreshing native plugins compatible for Editor in 0.24 ms, found 0 plugins.
Preloading 0 native plugins for Editor in 0.00 ms.
Unloading 1115 Unused Serialized files (Serialized files now loaded: 0)
System memory in use before: 57.0 MB.
System memory in use after: 57.1 MB.

Unloading 9 unused Assets to reduce memory usage. Loaded Objects now: 1558.
Total: 1.707600 ms (FindLiveObjects: 0.153300 ms CreateObjectMapping: 0.026400 ms MarkObjects: 1.463700 ms  DeleteObjects: 0.063000 ms)

========================================================================
Received Import Request.
  path: Assets/Design Team
  artifactKey: Guid(5ada1e9082b0a1144adb87a581bd460e) Importer(815301076,1909f56bfc062723c751e8b465ee728b)
Start importing Assets/Design Team using Guid(5ada1e9082b0a1144adb87a581bd460e) Importer(815301076,1909f56bfc062723c751e8b465ee728b)  -> (artifact id: 'f9c6db74dde0d603ed75531e54228250') in 0.005062 seconds
  Import took 0.006988 seconds .

========================================================================
Received Import Request.
  Time since last request: 0.000353 seconds.
  path: Assets/Programming
  artifactKey: Guid(ecd2df672d88e97478536913880bed15) Importer(815301076,1909f56bfc062723c751e8b465ee728b)
Start importing Assets/Programming using Guid(ecd2df672d88e97478536913880bed15) Importer(815301076,1909f56bfc062723c751e8b465ee728b)  -> (artifact id: 'f91994f7234ab451e4f43a9d215ff6b2') in 0.002444 seconds
  Import took 0.003743 seconds .

========================================================================
Received Import Request.
  Time since last request: 6.206693 seconds.
  path: Assets/Programming/Sarah
  artifactKey: Guid(12587210ea440e64f8ed5de936c32740) Importer(815301076,1909f56bfc062723c751e8b465ee728b)
Start importing Assets/Programming/Sarah using Guid(12587210ea440e64f8ed5de936c32740) Importer(815301076,1909f56bfc062723c751e8b465ee728b)  -> (artifact id: '704dc59a2cb1e2bdaa9d28261e9ea240') in 0.002657 seconds
  Import took 0.004368 seconds .

========================================================================
Received Import Request.
  Time since last request: 1.011362 seconds.
  path: Assets/Programming/Sarah/Scripts
  artifactKey: Guid(066972809a475aa4b85d91ac7e305b90) Importer(815301076,1909f56bfc062723c751e8b465ee728b)
Start importing Assets/Programming/Sarah/Scripts using Guid(066972809a475aa4b85d91ac7e305b90) Importer(815301076,1909f56bfc062723c751e8b465ee728b)  -> (artifact id: '0cfdd5b084954a20d4ccb19c8125ec57') in 0.002796 seconds
  Import took 0.004664 seconds .

========================================================================
Received Import Request.
  Time since last request: 10.266632 seconds.
  path: Assets/Programming/Connor
  artifactKey: Guid(97827565293c50a4b92fb3c6482f6fe5) Importer(815301076,1909f56bfc062723c751e8b465ee728b)
Start importing Assets/Programming/Connor using Guid(97827565293c50a4b92fb3c6482f6fe5) Importer(815301076,1909f56bfc062723c751e8b465ee728b)  -> (artifact id: 'a2ab37e03baa7e7f9ac3ddaf38caffdd') in 0.002719 seconds
  Import took 0.004904 seconds .

========================================================================
Received Import Request.
  Time since last request: 10.002916 seconds.
  path: Assets/Programming/Prefabs
  artifactKey: Guid(71d6c009dc0f0624d93d7aa89d7959ec) Importer(815301076,1909f56bfc062723c751e8b465ee728b)
Start importing Assets/Programming/Prefabs using Guid(71d6c009dc0f0624d93d7aa89d7959ec) Importer(815301076,1909f56bfc062723c751e8b465ee728b)  -> (artifact id: 'e85476ec990edd92ef174dffc6c377a4') in 0.002700 seconds
  Import took 0.004511 seconds .

========================================================================
Received Import Request.
  Time since last request: 3.706078 seconds.
  path: Assets/Programming/Sarah/Scenes
  artifactKey: Guid(c2befd056b82bd94c89085b11869307a) Importer(815301076,1909f56bfc062723c751e8b465ee728b)
Start importing Assets/Programming/Sarah/Scenes using Guid(c2befd056b82bd94c89085b11869307a) Importer(815301076,1909f56bfc062723c751e8b465ee728b)  -> (artifact id: '552e4fec35aef2a5804de481e436cdc6') in 0.002731 seconds
  Import took 0.004726 seconds .

========================================================================
Received Import Request.
  Time since last request: 427.726800 seconds.
  path: Assets/Programming/Connor/Scripts
  artifactKey: Guid(c9e5b0ac3d2b2a14184bdbd76a37c06d) Importer(815301076,1909f56bfc062723c751e8b465ee728b)
Start importing Assets/Programming/Connor/Scripts using Guid(c9e5b0ac3d2b2a14184bdbd76a37c06d) Importer(815301076,1909f56bfc062723c751e8b465ee728b)  -> (artifact id: 'af3817824541115619c63c7f37497e40') in 0.002664 seconds
  Import took 0.004667 seconds .

========================================================================
Received Import Request.
  Time since last request: 217.507432 seconds.
  path: Assets/Programming/Connor/Scenes
  artifactKey: Guid(8bf8133c0dc945946a5b076541f213d3) Importer(815301076,1909f56bfc062723c751e8b465ee728b)
Start importing Assets/Programming/Connor/Scenes using Guid(8bf8133c0dc945946a5b076541f213d3) Importer(815301076,1909f56bfc062723c751e8b465ee728b)  -> (artifact id: '3d731846daf7282dbcc7d55a7ce1db0d') in 0.002350 seconds
  Import took 0.004172 seconds .

========================================================================
Received Import Request.
  Time since last request: 15.617332 seconds.
  path: Assets/Programming/Connor/Scenes/Flashlight_Test.unity
  artifactKey: Guid(9ecb5fb376d95464d9aca7d5b6eb3825) Importer(815301076,1909f56bfc062723c751e8b465ee728b)
Start importing Assets/Programming/Connor/Scenes/Flashlight_Test.unity using Guid(9ecb5fb376d95464d9aca7d5b6eb3825) Importer(815301076,1909f56bfc062723c751e8b465ee728b)  -> (artifact id: '15e4869b0c4a1b09e06c87a3b356b342') in 0.009090 seconds
  Import took 0.011038 seconds .

========================================================================
Received Import Request.
  Time since last request: 599.146023 seconds.
  path: Assets/Programming/Connor/Scripts/Flashlight.cs
  artifactKey: Guid(e62510e4784fbca4bbe07aa2db05ec69) Importer(815301076,1909f56bfc062723c751e8b465ee728b)
Start importing Assets/Programming/Connor/Scripts/Flashlight.cs using Guid(e62510e4784fbca4bbe07aa2db05ec69) Importer(815301076,1909f56bfc062723c751e8b465ee728b)  -> (artifact id: '593de196fe08192a1fb7d814a9bd4e67') in 0.032908 seconds
  Import took 0.035724 seconds .

========================================================================
Received Prepare
Registering precompiled user dll's ...
Registered in 0.001193 seconds.
Begin MonoManager ReloadAssembly
Native extension for WindowsStandalone target not found
Refreshing native plugins compatible for Editor in 0.26 ms, found 0 plugins.
Preloading 0 native plugins for Editor in 0.00 ms.
Mono: successfully reloaded assembly
- Completed reload, in  0.813 seconds
Platform modules already initialized, skipping
Refreshing native plugins compatible for Editor in 0.27 ms, found 0 plugins.
Preloading 0 native plugins for Editor in 0.00 ms.
Unloading 1110 Unused Serialized files (Serialized files now loaded: 0)
System memory in use before: 56.9 MB.
System memory in use after: 57.0 MB.

Unloading 4 unused Assets to reduce memory usage. Loaded Objects now: 1562.
Total: 2.349500 ms (FindLiveObjects: 0.193600 ms CreateObjectMapping: 0.029600 ms MarkObjects: 2.093200 ms  DeleteObjects: 0.031200 ms)

========================================================================
Received Prepare
Registering precompiled user dll's ...
Registered in 0.001302 seconds.
Begin MonoManager ReloadAssembly
Native extension for WindowsStandalone target not found
Refreshing native plugins compatible for Editor in 0.52 ms, found 0 plugins.
Preloading 0 native plugins for Editor in 0.00 ms.
Mono: successfully reloaded assembly
- Completed reload, in  0.989 seconds
Platform modules already initialized, skipping
Refreshing native plugins compatible for Editor in 0.26 ms, found 0 plugins.
Preloading 0 native plugins for Editor in 0.00 ms.
Unloading 1110 Unused Serialized files (Serialized files now loaded: 0)
System memory in use before: 56.9 MB.
System memory in use after: 57.0 MB.

Unloading 4 unused Assets to reduce memory usage. Loaded Objects now: 1565.
Total: 1.943700 ms (FindLiveObjects: 0.206300 ms CreateObjectMapping: 0.029300 ms MarkObjects: 1.686600 ms  DeleteObjects: 0.019900 ms)

========================================================================
Received Import Request.
  Time since last request: 10981.927454 seconds.
  path: Assets/New Terrain.asset
  artifactKey: Guid(065d3f652e3fa4041a9f4849470b150c) Importer(815301076,1909f56bfc062723c751e8b465ee728b)
Start importing Assets/New Terrain.asset using Guid(065d3f652e3fa4041a9f4849470b150c) Importer(815301076,1909f56bfc062723c751e8b465ee728b)  -> (artifact id: '341ed9e70fc8949edbd6274ccc889310') in 0.030923 seconds
  Import took 0.033905 seconds .

========================================================================
Received Import Request.
  Time since last request: 0.000328 seconds.
  path: Assets/Tree.prefab
  artifactKey: Guid(907d5ed1b9f3266498675e22fb23b42f) Importer(815301076,1909f56bfc062723c751e8b465ee728b)
Start importing Assets/Tree.prefab using Guid(907d5ed1b9f3266498675e22fb23b42f) Importer(815301076,1909f56bfc062723c751e8b465ee728b)  -> (artifact id: 'f6741edf8393b9af85c280ac482bc088') in 0.323316 seconds
  Import took 0.325934 seconds .

========================================================================
Received Import Request.
  Time since last request: 0.000351 seconds.
  path: Assets/New Terrain.asset
  artifactKey: Guid(065d3f652e3fa4041a9f4849470b150c) Importer(815301076,1909f56bfc062723c751e8b465ee728b)
Start importing Assets/New Terrain.asset using Guid(065d3f652e3fa4041a9f4849470b150c) Importer(815301076,1909f56bfc062723c751e8b465ee728b)  -> (artifact id: '341ed9e70fc8949edbd6274ccc889310') in 0.008836 seconds
  Import took 0.010714 seconds .

========================================================================
Received Import Request.
  Time since last request: 0.000319 seconds.
  path: Assets/Tree.prefab
  artifactKey: Guid(907d5ed1b9f3266498675e22fb23b42f) Importer(815301076,1909f56bfc062723c751e8b465ee728b)
Start importing Assets/Tree.prefab using Guid(907d5ed1b9f3266498675e22fb23b42f) Importer(815301076,1909f56bfc062723c751e8b465ee728b)  -> (artifact id: 'f6741edf8393b9af85c280ac482bc088') in 0.032993 seconds
  Import took 0.035043 seconds .

========================================================================
Received Import Request.
  Time since last request: 121.879711 seconds.
  path: Assets/Tree_Textures
  artifactKey: Guid(61998bc1352848f49a1dcb3b53fc092b) Importer(815301076,1909f56bfc062723c751e8b465ee728b)
Start importing Assets/Tree_Textures using Guid(61998bc1352848f49a1dcb3b53fc092b) Importer(815301076,1909f56bfc062723c751e8b465ee728b)  -> (artifact id: '33ae98f88839b9f360fbb869aab7e1f7') in 0.003594 seconds
  Import took 0.005605 seconds .

========================================================================
Received Import Request.
  Time since last request: 0.873141 seconds.
  path: Assets/Tree_Textures/diffuse.png
  artifactKey: Guid(58e5aa07c6df58e4f994f77f4f8eb3d8) Importer(815301076,1909f56bfc062723c751e8b465ee728b)
Start importing Assets/Tree_Textures/diffuse.png using Guid(58e5aa07c6df58e4f994f77f4f8eb3d8) Importer(815301076,1909f56bfc062723c751e8b465ee728b)  -> (artifact id: '9ca2acf69fdb4ed892c9da42c0c9aacd') in 0.049461 seconds
  Import took 0.052180 seconds .

========================================================================
Received Import Request.
  Time since last request: 0.000362 seconds.
  path: Assets/Tree_Textures/normal_specular.png
  artifactKey: Guid(8a90bfd65c996cf409f0b7d1fc664d92) Importer(815301076,1909f56bfc062723c751e8b465ee728b)
Start importing Assets/Tree_Textures/normal_specular.png using Guid(8a90bfd65c996cf409f0b7d1fc664d92) Importer(815301076,1909f56bfc062723c751e8b465ee728b)  -> (artifact id: 'c4eb854a73cc0b61dcfa6556e28a725f') in 0.009493 seconds
  Import took 0.011647 seconds .

========================================================================
Received Import Request.
  Time since last request: 0.000335 seconds.
  path: Assets/Tree_Textures/translucency_gloss.png
  artifactKey: Guid(7d2d792d0cf19d44cb1979ecfa2531f6) Importer(815301076,1909f56bfc062723c751e8b465ee728b)
Start importing Assets/Tree_Textures/translucency_gloss.png using Guid(7d2d792d0cf19d44cb1979ecfa2531f6) Importer(815301076,1909f56bfc062723c751e8b465ee728b)  -> (artifact id: '86d368572f67dd41fa954979dd0934e4') in 0.008765 seconds
  Import took 0.010927 seconds .

========================================================================
Received Import Request.
  Time since last request: 0.000372 seconds.
  path: Assets/Tree_Textures/shadow.png
  artifactKey: Guid(0c7306031afeafa4f938be619b12aca0) Importer(815301076,1909f56bfc062723c751e8b465ee728b)
Start importing Assets/Tree_Textures/shadow.png using Guid(0c7306031afeafa4f938be619b12aca0) Importer(815301076,1909f56bfc062723c751e8b465ee728b)  -> (artifact id: '5a521c1994a54bdd7aae7eb5956c4834') in 0.008450 seconds
  Import took 0.010677 seconds .

========================================================================
Received Prepare
Registering precompiled user dll's ...
Registered in 0.000925 seconds.
Begin MonoManager ReloadAssembly
Native extension for WindowsStandalone target not found
Refreshing native plugins compatible for Editor in 0.26 ms, found 0 plugins.
Preloading 0 native plugins for Editor in 0.00 ms.
Mono: successfully reloaded assembly
- Completed reload, in  0.768 seconds
Platform modules already initialized, skipping
Refreshing native plugins compatible for Editor in 0.27 ms, found 0 plugins.
Preloading 0 native plugins for Editor in 0.00 ms.
Unloading 1110 Unused Serialized files (Serialized files now loaded: 0)
System memory in use before: 61.7 MB.
System memory in use after: 61.3 MB.

Unloading 6 unused Assets to reduce memory usage. Loaded Objects now: 1619.
Total: 2.167600 ms (FindLiveObjects: 0.192200 ms CreateObjectMapping: 0.027900 ms MarkObjects: 1.506300 ms  DeleteObjects: 0.439500 ms)

========================================================================
Received Prepare
Registering precompiled user dll's ...
Registered in 0.000687 seconds.
Begin MonoManager ReloadAssembly
Native extension for WindowsStandalone target not found
Refreshing native plugins compatible for Editor in 0.27 ms, found 0 plugins.
Preloading 0 native plugins for Editor in 0.00 ms.
Mono: successfully reloaded assembly
- Completed reload, in  0.676 seconds
Platform modules already initialized, skipping
Refreshing native plugins compatible for Editor in 0.26 ms, found 0 plugins.
Preloading 0 native plugins for Editor in 0.00 ms.
Unloading 1110 Unused Serialized files (Serialized files now loaded: 0)
System memory in use before: 61.2 MB.
System memory in use after: 61.3 MB.

Unloading 4 unused Assets to reduce memory usage. Loaded Objects now: 1622.
Total: 1.533600 ms (FindLiveObjects: 0.171800 ms CreateObjectMapping: 0.027900 ms MarkObjects: 1.320700 ms  DeleteObjects: 0.012200 ms)

========================================================================
Received Prepare
Registering precompiled user dll's ...
Registered in 0.001179 seconds.
Begin MonoManager ReloadAssembly
Native extension for WindowsStandalone target not found
Refreshing native plugins compatible for Editor in 0.27 ms, found 0 plugins.
Preloading 0 native plugins for Editor in 0.00 ms.
Mono: successfully reloaded assembly
- Completed reload, in  0.837 seconds
Platform modules already initialized, skipping
Refreshing native plugins compatible for Editor in 0.32 ms, found 0 plugins.
Preloading 0 native plugins for Editor in 0.00 ms.
Unloading 1110 Unused Serialized files (Serialized files now loaded: 0)
System memory in use before: 61.2 MB.
System memory in use after: 61.3 MB.

Unloading 4 unused Assets to reduce memory usage. Loaded Objects now: 1625.
Total: 1.639900 ms (FindLiveObjects: 0.149800 ms CreateObjectMapping: 0.026800 ms MarkObjects: 1.449100 ms  DeleteObjects: 0.013000 ms)

AssetImportWorkerClient::OnTransportError - code=2 error=End of file
